<?xml version="1.0" encoding="UTF-8"?>
<!-- Generated by org.testng.reporters.JUnitReportReporter -->
<testsuite hostname="DESKTOP-7U36PK5" failures="0" tests="2" name="Runner.TestRunner" time="32.243" errors="0" timestamp="2023-04-03T19:09:20 IST" skipped="0">
  <testcase classname="Runner.TestRunner" name="runScenario" time="18.079"/>
  <system-out/>
  <testcase classname="Runner.TestRunner" name="runScenario" time="14.164"/>
  <system-out/>
</testsuite> <!-- Runner.TestRunner -->
